{"E:\\seubarriga\\knexfile.js": {"path":"E:\\seubarriga\\knexfile.js","statementMap":{"0":{"start":{"line":1,"column":0},"end":{"line":14,"column":2}}},"fnMap":{},"branchMap":{},"s":{"0":7},"f":{},"b":{},"_coverageSchema":"332fd63041d2c1bcb487cc26dd0d5f7d97098a6c","hash":"a392dd789686cac02879776fd3a75f4881e62a0f"}
,"E:\\seubarriga\\src\\app.js": {"path":"E:\\seubarriga\\src\\app.js","statementMap":{"0":{"start":{"line":1,"column":12},"end":{"line":1,"column":32}},"1":{"start":{"line":2,"column":16},"end":{"line":2,"column":34}},"2":{"start":{"line":3,"column":13},"end":{"line":3,"column":28}},"3":{"start":{"line":5,"column":17},"end":{"line":5,"column":39}},"4":{"start":{"line":7,"column":0},"end":{"line":7,"column":28}},"5":{"start":{"line":9,"column":0},"end":{"line":15,"column":12}},"6":{"start":{"line":17,"column":0},"end":{"line":19,"column":2}},"7":{"start":{"line":18,"column":2},"end":{"line":18,"column":24}},"8":{"start":{"line":21,"column":0},"end":{"line":30,"column":2}},"9":{"start":{"line":22,"column":33},"end":{"line":22,"column":36}},"10":{"start":{"line":23,"column":2},"end":{"line":28,"column":3}},"11":{"start":{"line":23,"column":33},"end":{"line":23,"column":71}},"12":{"start":{"line":24,"column":7},"end":{"line":28,"column":3}},"13":{"start":{"line":24,"column":43},"end":{"line":24,"column":81}},"14":{"start":{"line":26,"column":24},"end":{"line":26,"column":80}},"15":{"start":{"line":27,"column":4},"end":{"line":27,"column":48}},"16":{"start":{"line":29,"column":2},"end":{"line":29,"column":11}},"17":{"start":{"line":38,"column":0},"end":{"line":45,"column":68}},"18":{"start":{"line":45,"column":85},"end":{"line":45,"column":37875}},"19":{"start":{"line":45,"column":89},"end":{"line":45,"column":37864}}},"fnMap":{"0":{"name":"(anonymous_0)","decl":{"start":{"line":17,"column":13},"end":{"line":17,"column":14}},"loc":{"start":{"line":17,"column":26},"end":{"line":19,"column":1}},"line":17},"1":{"name":"(anonymous_1)","decl":{"start":{"line":21,"column":8},"end":{"line":21,"column":9}},"loc":{"start":{"line":21,"column":30},"end":{"line":30,"column":1}},"line":21},"2":{"name":"oo_cm","decl":{"start":{"line":45,"column":77},"end":{"line":45,"column":82}},"loc":{"start":{"line":45,"column":84},"end":{"line":45,"column":37876}},"line":45}},"branchMap":{"0":{"loc":{"start":{"line":23,"column":2},"end":{"line":28,"column":3}},"type":"if","locations":[{"start":{"line":23,"column":2},"end":{"line":28,"column":3}},{"start":{"line":23,"column":2},"end":{"line":28,"column":3}}],"line":23},"1":{"loc":{"start":{"line":24,"column":7},"end":{"line":28,"column":3}},"type":"if","locations":[{"start":{"line":24,"column":7},"end":{"line":28,"column":3}},{"start":{"line":24,"column":7},"end":{"line":28,"column":3}}],"line":24},"2":{"loc":{"start":{"line":45,"column":96},"end":{"line":45,"column":37863}},"type":"binary-expr","locations":[{"start":{"line":45,"column":96},"end":{"line":45,"column":133}},{"start":{"line":45,"column":137},"end":{"line":45,"column":37863}}],"line":45}},"s":{"0":7,"1":7,"2":7,"3":7,"4":7,"5":7,"6":7,"7":1,"8":7,"9":34,"10":34,"11":29,"12":5,"13":5,"14":0,"15":0,"16":34,"17":7,"18":0,"19":0},"f":{"0":1,"1":34,"2":0},"b":{"0":[29,5],"1":[5,0],"2":[0,0]},"_coverageSchema":"332fd63041d2c1bcb487cc26dd0d5f7d97098a6c","hash":"0c54ae0783e5878ad10a550b4323dd6151fba3b3"}
,"E:\\seubarriga\\src\\config\\middlewares.js": {"path":"E:\\seubarriga\\src\\config\\middlewares.js","statementMap":{"0":{"start":{"line":1,"column":19},"end":{"line":1,"column":41}},"1":{"start":{"line":4,"column":0},"end":{"line":7,"column":2}},"2":{"start":{"line":5,"column":2},"end":{"line":5,"column":29}}},"fnMap":{"0":{"name":"(anonymous_0)","decl":{"start":{"line":4,"column":17},"end":{"line":4,"column":18}},"loc":{"start":{"line":4,"column":26},"end":{"line":7,"column":1}},"line":4}},"branchMap":{},"s":{"0":7,"1":7,"2":7},"f":{"0":7},"b":{},"_coverageSchema":"332fd63041d2c1bcb487cc26dd0d5f7d97098a6c","hash":"72d5e83b73f9d14d653b7846041d8544e4e5ec4b"}
,"E:\\seubarriga\\src\\config\\passport.js": {"path":"E:\\seubarriga\\src\\config\\passport.js","statementMap":{"0":{"start":{"line":1,"column":17},"end":{"line":1,"column":36}},"1":{"start":{"line":2,"column":20},"end":{"line":2,"column":43}},"2":{"start":{"line":4,"column":15},"end":{"line":4,"column":25}},"3":{"start":{"line":6,"column":33},"end":{"line":6,"column":44}},"4":{"start":{"line":8,"column":0},"end":{"line":25,"column":2}},"5":{"start":{"line":9,"column":17},"end":{"line":12,"column":3}},"6":{"start":{"line":14,"column":19},"end":{"line":20,"column":4}},"7":{"start":{"line":15,"column":4},"end":{"line":19,"column":40}},"8":{"start":{"line":17,"column":8},"end":{"line":18,"column":31}},"9":{"start":{"line":17,"column":18},"end":{"line":17,"column":45}},"10":{"start":{"line":18,"column":13},"end":{"line":18,"column":31}},"11":{"start":{"line":19,"column":22},"end":{"line":19,"column":38}},"12":{"start":{"line":22,"column":2},"end":{"line":22,"column":25}},"13":{"start":{"line":24,"column":2},"end":{"line":24,"column":82}},"14":{"start":{"line":24,"column":31},"end":{"line":24,"column":79}}},"fnMap":{"0":{"name":"(anonymous_0)","decl":{"start":{"line":8,"column":17},"end":{"line":8,"column":18}},"loc":{"start":{"line":8,"column":26},"end":{"line":25,"column":1}},"line":8},"1":{"name":"(anonymous_1)","decl":{"start":{"line":14,"column":40},"end":{"line":14,"column":41}},"loc":{"start":{"line":14,"column":59},"end":{"line":20,"column":3}},"line":14},"2":{"name":"(anonymous_2)","decl":{"start":{"line":16,"column":12},"end":{"line":16,"column":13}},"loc":{"start":{"line":16,"column":22},"end":{"line":19,"column":7}},"line":16},"3":{"name":"(anonymous_3)","decl":{"start":{"line":19,"column":15},"end":{"line":19,"column":16}},"loc":{"start":{"line":19,"column":22},"end":{"line":19,"column":38}},"line":19},"4":{"name":"(anonymous_4)","decl":{"start":{"line":24,"column":25},"end":{"line":24,"column":26}},"loc":{"start":{"line":24,"column":31},"end":{"line":24,"column":79}},"line":24}},"branchMap":{"0":{"loc":{"start":{"line":17,"column":8},"end":{"line":18,"column":31}},"type":"if","locations":[{"start":{"line":17,"column":8},"end":{"line":18,"column":31}},{"start":{"line":17,"column":8},"end":{"line":18,"column":31}}],"line":17}},"s":{"0":7,"1":7,"2":7,"3":7,"4":7,"5":7,"6":7,"7":71,"8":71,"9":71,"10":0,"11":0,"12":7,"13":7,"14":7},"f":{"0":7,"1":71,"2":71,"3":0,"4":7},"b":{"0":[71,0]},"_coverageSchema":"332fd63041d2c1bcb487cc26dd0d5f7d97098a6c","hash":"8ebf763dfcd454df61fef216ec7fa16edd360fcb"}
,"E:\\seubarriga\\src\\config\\router.js": {"path":"E:\\seubarriga\\src\\config\\router.js","statementMap":{"0":{"start":{"line":1,"column":16},"end":{"line":1,"column":34}},"1":{"start":{"line":3,"column":0},"end":{"line":17,"column":2}},"2":{"start":{"line":4,"column":2},"end":{"line":4,"column":36}},"3":{"start":{"line":5,"column":26},"end":{"line":5,"column":42}},"4":{"start":{"line":7,"column":2},"end":{"line":7,"column":50}},"5":{"start":{"line":8,"column":2},"end":{"line":8,"column":56}},"6":{"start":{"line":9,"column":2},"end":{"line":9,"column":64}},"7":{"start":{"line":10,"column":2},"end":{"line":10,"column":58}},"8":{"start":{"line":11,"column":2},"end":{"line":11,"column":54}},"9":{"start":{"line":13,"column":2},"end":{"line":13,"column":70}},"10":{"start":{"line":16,"column":2},"end":{"line":16,"column":34}}},"fnMap":{"0":{"name":"(anonymous_0)","decl":{"start":{"line":3,"column":17},"end":{"line":3,"column":18}},"loc":{"start":{"line":3,"column":26},"end":{"line":17,"column":1}},"line":3}},"branchMap":{},"s":{"0":7,"1":7,"2":7,"3":7,"4":7,"5":7,"6":7,"7":7,"8":7,"9":7,"10":7},"f":{"0":7},"b":{},"_coverageSchema":"332fd63041d2c1bcb487cc26dd0d5f7d97098a6c","hash":"5185279605d77d4d4e08e07a5d6001b73afd90db"}
,"E:\\seubarriga\\src\\errors\\RecursoIndevidoError.js": {"path":"E:\\seubarriga\\src\\errors\\RecursoIndevidoError.js","statementMap":{"0":{"start":{"line":1,"column":0},"end":{"line":4,"column":2}},"1":{"start":{"line":2,"column":2},"end":{"line":2,"column":37}},"2":{"start":{"line":3,"column":2},"end":{"line":3,"column":25}}},"fnMap":{"0":{"name":"RecursoIndevidoError","decl":{"start":{"line":1,"column":26},"end":{"line":1,"column":46}},"loc":{"start":{"line":1,"column":97},"end":{"line":4,"column":1}},"line":1}},"branchMap":{"0":{"loc":{"start":{"line":1,"column":47},"end":{"line":1,"column":95}},"type":"default-arg","locations":[{"start":{"line":1,"column":57},"end":{"line":1,"column":95}}],"line":1}},"s":{"0":7,"1":5,"2":5},"f":{"0":5},"b":{"0":[5]},"_coverageSchema":"332fd63041d2c1bcb487cc26dd0d5f7d97098a6c","hash":"d5a941acb0e85aa58b3dd004c901e149efee64d2"}
,"E:\\seubarriga\\src\\errors\\ValidationError.js": {"path":"E:\\seubarriga\\src\\errors\\ValidationError.js","statementMap":{"0":{"start":{"line":1,"column":0},"end":{"line":4,"column":2}},"1":{"start":{"line":2,"column":2},"end":{"line":2,"column":32}},"2":{"start":{"line":3,"column":2},"end":{"line":3,"column":25}}},"fnMap":{"0":{"name":"ValidationError","decl":{"start":{"line":1,"column":26},"end":{"line":1,"column":41}},"loc":{"start":{"line":1,"column":51},"end":{"line":4,"column":1}},"line":1}},"branchMap":{},"s":{"0":7,"1":29,"2":29},"f":{"0":29},"b":{},"_coverageSchema":"332fd63041d2c1bcb487cc26dd0d5f7d97098a6c","hash":"f2caa27aac610648d06044be47cfe4ad977914b6"}
,"E:\\seubarriga\\src\\routes\\accounts.js": {"path":"E:\\seubarriga\\src\\routes\\accounts.js","statementMap":{"0":{"start":{"line":1,"column":16},"end":{"line":1,"column":34}},"1":{"start":{"line":2,"column":29},"end":{"line":2,"column":70}},"2":{"start":{"line":4,"column":0},"end":{"line":47,"column":2}},"3":{"start":{"line":5,"column":17},"end":{"line":5,"column":33}},"4":{"start":{"line":7,"column":2},"end":{"line":13,"column":5}},"5":{"start":{"line":8,"column":4},"end":{"line":12,"column":33}},"6":{"start":{"line":10,"column":8},"end":{"line":11,"column":20}},"7":{"start":{"line":10,"column":41},"end":{"line":10,"column":74}},"8":{"start":{"line":11,"column":13},"end":{"line":11,"column":20}},"9":{"start":{"line":12,"column":22},"end":{"line":12,"column":31}},"10":{"start":{"line":15,"column":2},"end":{"line":20,"column":5}},"11":{"start":{"line":16,"column":4},"end":{"line":19,"column":33}},"12":{"start":{"line":18,"column":8},"end":{"line":18,"column":47}},"13":{"start":{"line":19,"column":22},"end":{"line":19,"column":31}},"14":{"start":{"line":22,"column":2},"end":{"line":26,"column":5}},"15":{"start":{"line":23,"column":4},"end":{"line":25,"column":31}},"16":{"start":{"line":24,"column":22},"end":{"line":24,"column":50}},"17":{"start":{"line":25,"column":20},"end":{"line":25,"column":29}},"18":{"start":{"line":28,"column":2},"end":{"line":32,"column":5}},"19":{"start":{"line":29,"column":4},"end":{"line":31,"column":31}},"20":{"start":{"line":30,"column":22},"end":{"line":30,"column":50}},"21":{"start":{"line":31,"column":20},"end":{"line":31,"column":29}},"22":{"start":{"line":34,"column":2},"end":{"line":38,"column":5}},"23":{"start":{"line":35,"column":4},"end":{"line":37,"column":31}},"24":{"start":{"line":36,"column":22},"end":{"line":36,"column":53}},"25":{"start":{"line":37,"column":20},"end":{"line":37,"column":29}},"26":{"start":{"line":40,"column":2},"end":{"line":44,"column":5}},"27":{"start":{"line":41,"column":4},"end":{"line":43,"column":31}},"28":{"start":{"line":42,"column":18},"end":{"line":42,"column":40}},"29":{"start":{"line":43,"column":20},"end":{"line":43,"column":29}},"30":{"start":{"line":46,"column":2},"end":{"line":46,"column":16}}},"fnMap":{"0":{"name":"(anonymous_0)","decl":{"start":{"line":4,"column":17},"end":{"line":4,"column":18}},"loc":{"start":{"line":4,"column":26},"end":{"line":47,"column":1}},"line":4},"1":{"name":"(anonymous_1)","decl":{"start":{"line":7,"column":21},"end":{"line":7,"column":22}},"loc":{"start":{"line":7,"column":41},"end":{"line":13,"column":3}},"line":7},"2":{"name":"(anonymous_2)","decl":{"start":{"line":9,"column":12},"end":{"line":9,"column":13}},"loc":{"start":{"line":9,"column":21},"end":{"line":12,"column":7}},"line":9},"3":{"name":"(anonymous_3)","decl":{"start":{"line":12,"column":15},"end":{"line":12,"column":16}},"loc":{"start":{"line":12,"column":22},"end":{"line":12,"column":31}},"line":12},"4":{"name":"(anonymous_4)","decl":{"start":{"line":15,"column":19},"end":{"line":15,"column":20}},"loc":{"start":{"line":15,"column":39},"end":{"line":20,"column":3}},"line":15},"5":{"name":"(anonymous_5)","decl":{"start":{"line":17,"column":12},"end":{"line":17,"column":13}},"loc":{"start":{"line":17,"column":24},"end":{"line":19,"column":7}},"line":17},"6":{"name":"(anonymous_6)","decl":{"start":{"line":19,"column":15},"end":{"line":19,"column":16}},"loc":{"start":{"line":19,"column":22},"end":{"line":19,"column":31}},"line":19},"7":{"name":"(anonymous_7)","decl":{"start":{"line":22,"column":18},"end":{"line":22,"column":19}},"loc":{"start":{"line":22,"column":38},"end":{"line":26,"column":3}},"line":22},"8":{"name":"(anonymous_8)","decl":{"start":{"line":24,"column":12},"end":{"line":24,"column":13}},"loc":{"start":{"line":24,"column":22},"end":{"line":24,"column":50}},"line":24},"9":{"name":"(anonymous_9)","decl":{"start":{"line":25,"column":13},"end":{"line":25,"column":14}},"loc":{"start":{"line":25,"column":20},"end":{"line":25,"column":29}},"line":25},"10":{"name":"(anonymous_10)","decl":{"start":{"line":28,"column":21},"end":{"line":28,"column":22}},"loc":{"start":{"line":28,"column":41},"end":{"line":32,"column":3}},"line":28},"11":{"name":"(anonymous_11)","decl":{"start":{"line":30,"column":12},"end":{"line":30,"column":13}},"loc":{"start":{"line":30,"column":22},"end":{"line":30,"column":50}},"line":30},"12":{"name":"(anonymous_12)","decl":{"start":{"line":31,"column":13},"end":{"line":31,"column":14}},"loc":{"start":{"line":31,"column":20},"end":{"line":31,"column":29}},"line":31},"13":{"name":"(anonymous_13)","decl":{"start":{"line":34,"column":21},"end":{"line":34,"column":22}},"loc":{"start":{"line":34,"column":41},"end":{"line":38,"column":3}},"line":34},"14":{"name":"(anonymous_14)","decl":{"start":{"line":36,"column":12},"end":{"line":36,"column":13}},"loc":{"start":{"line":36,"column":22},"end":{"line":36,"column":53}},"line":36},"15":{"name":"(anonymous_15)","decl":{"start":{"line":37,"column":13},"end":{"line":37,"column":14}},"loc":{"start":{"line":37,"column":20},"end":{"line":37,"column":29}},"line":37},"16":{"name":"(anonymous_16)","decl":{"start":{"line":40,"column":24},"end":{"line":40,"column":25}},"loc":{"start":{"line":40,"column":44},"end":{"line":44,"column":3}},"line":40},"17":{"name":"(anonymous_17)","decl":{"start":{"line":42,"column":12},"end":{"line":42,"column":13}},"loc":{"start":{"line":42,"column":18},"end":{"line":42,"column":40}},"line":42},"18":{"name":"(anonymous_18)","decl":{"start":{"line":43,"column":13},"end":{"line":43,"column":14}},"loc":{"start":{"line":43,"column":20},"end":{"line":43,"column":29}},"line":43}},"branchMap":{"0":{"loc":{"start":{"line":10,"column":8},"end":{"line":11,"column":20}},"type":"if","locations":[{"start":{"line":10,"column":8},"end":{"line":11,"column":20}},{"start":{"line":10,"column":8},"end":{"line":11,"column":20}}],"line":10}},"s":{"0":7,"1":7,"2":7,"3":7,"4":7,"5":7,"6":7,"7":3,"8":4,"9":3,"10":7,"11":3,"12":1,"13":2,"14":7,"15":1,"16":1,"17":0,"18":7,"19":1,"20":1,"21":0,"22":7,"23":1,"24":1,"25":0,"26":7,"27":2,"28":1,"29":1,"30":7},"f":{"0":7,"1":7,"2":7,"3":3,"4":3,"5":1,"6":2,"7":1,"8":1,"9":0,"10":1,"11":1,"12":0,"13":1,"14":1,"15":0,"16":2,"17":1,"18":1},"b":{"0":[3,4]},"_coverageSchema":"332fd63041d2c1bcb487cc26dd0d5f7d97098a6c","hash":"4f49dda45db8667a67d2dde45612f31163dff1b6"}
,"E:\\seubarriga\\src\\routes\\auth.js": {"path":"E:\\seubarriga\\src\\routes\\auth.js","statementMap":{"0":{"start":{"line":1,"column":16},"end":{"line":1,"column":34}},"1":{"start":{"line":2,"column":12},"end":{"line":2,"column":33}},"2":{"start":{"line":3,"column":15},"end":{"line":3,"column":39}},"3":{"start":{"line":4,"column":24},"end":{"line":4,"column":60}},"4":{"start":{"line":6,"column":15},"end":{"line":6,"column":25}},"5":{"start":{"line":8,"column":0},"end":{"line":37,"column":2}},"6":{"start":{"line":9,"column":17},"end":{"line":9,"column":33}},"7":{"start":{"line":11,"column":2},"end":{"line":25,"column":5}},"8":{"start":{"line":12,"column":4},"end":{"line":24,"column":33}},"9":{"start":{"line":14,"column":8},"end":{"line":14,"column":74}},"10":{"start":{"line":14,"column":19},"end":{"line":14,"column":74}},"11":{"start":{"line":15,"column":8},"end":{"line":23,"column":70}},"12":{"start":{"line":16,"column":26},"end":{"line":20,"column":11}},"13":{"start":{"line":21,"column":24},"end":{"line":21,"column":51}},"14":{"start":{"line":22,"column":10},"end":{"line":22,"column":42}},"15":{"start":{"line":23,"column":15},"end":{"line":23,"column":70}},"16":{"start":{"line":24,"column":22},"end":{"line":24,"column":31}},"17":{"start":{"line":27,"column":2},"end":{"line":34,"column":5}},"18":{"start":{"line":28,"column":4},"end":{"line":33,"column":5}},"19":{"start":{"line":29,"column":21},"end":{"line":29,"column":59}},"20":{"start":{"line":30,"column":6},"end":{"line":30,"column":45}},"21":{"start":{"line":32,"column":6},"end":{"line":32,"column":23}},"22":{"start":{"line":36,"column":2},"end":{"line":36,"column":16}}},"fnMap":{"0":{"name":"(anonymous_0)","decl":{"start":{"line":8,"column":17},"end":{"line":8,"column":18}},"loc":{"start":{"line":8,"column":26},"end":{"line":37,"column":1}},"line":8},"1":{"name":"(anonymous_1)","decl":{"start":{"line":11,"column":25},"end":{"line":11,"column":26}},"loc":{"start":{"line":11,"column":45},"end":{"line":25,"column":3}},"line":11},"2":{"name":"(anonymous_2)","decl":{"start":{"line":13,"column":12},"end":{"line":13,"column":13}},"loc":{"start":{"line":13,"column":22},"end":{"line":24,"column":7}},"line":13},"3":{"name":"(anonymous_3)","decl":{"start":{"line":24,"column":15},"end":{"line":24,"column":16}},"loc":{"start":{"line":24,"column":22},"end":{"line":24,"column":31}},"line":24},"4":{"name":"(anonymous_4)","decl":{"start":{"line":27,"column":25},"end":{"line":27,"column":26}},"loc":{"start":{"line":27,"column":51},"end":{"line":34,"column":3}},"line":27}},"branchMap":{"0":{"loc":{"start":{"line":14,"column":8},"end":{"line":14,"column":74}},"type":"if","locations":[{"start":{"line":14,"column":8},"end":{"line":14,"column":74}},{"start":{"line":14,"column":8},"end":{"line":14,"column":74}}],"line":14},"1":{"loc":{"start":{"line":15,"column":8},"end":{"line":23,"column":70}},"type":"if","locations":[{"start":{"line":15,"column":8},"end":{"line":23,"column":70}},{"start":{"line":15,"column":8},"end":{"line":23,"column":70}}],"line":15}},"s":{"0":7,"1":7,"2":7,"3":7,"4":7,"5":7,"6":7,"7":7,"8":3,"9":3,"10":1,"11":2,"12":1,"13":1,"14":1,"15":1,"16":2,"17":7,"18":1,"19":1,"20":1,"21":0,"22":7},"f":{"0":7,"1":3,"2":3,"3":2,"4":1},"b":{"0":[1,2],"1":[1,1]},"_coverageSchema":"332fd63041d2c1bcb487cc26dd0d5f7d97098a6c","hash":"8995d2b37fd24bb9d2c73f53d001c4fd83e9d315"}
,"E:\\seubarriga\\src\\routes\\balance.js": {"path":"E:\\seubarriga\\src\\routes\\balance.js","statementMap":{"0":{"start":{"line":1,"column":16},"end":{"line":1,"column":34}},"1":{"start":{"line":4,"column":0},"end":{"line":14,"column":1}},"2":{"start":{"line":5,"column":17},"end":{"line":5,"column":33}},"3":{"start":{"line":7,"column":2},"end":{"line":11,"column":4}},"4":{"start":{"line":8,"column":4},"end":{"line":10,"column":28}},"5":{"start":{"line":9,"column":20},"end":{"line":9,"column":48}},"6":{"start":{"line":10,"column":18},"end":{"line":10,"column":27}},"7":{"start":{"line":13,"column":2},"end":{"line":13,"column":15}}},"fnMap":{"0":{"name":"(anonymous_0)","decl":{"start":{"line":4,"column":17},"end":{"line":4,"column":18}},"loc":{"start":{"line":4,"column":26},"end":{"line":14,"column":1}},"line":4},"1":{"name":"(anonymous_1)","decl":{"start":{"line":7,"column":18},"end":{"line":7,"column":19}},"loc":{"start":{"line":7,"column":36},"end":{"line":11,"column":3}},"line":7},"2":{"name":"(anonymous_2)","decl":{"start":{"line":9,"column":10},"end":{"line":9,"column":11}},"loc":{"start":{"line":9,"column":20},"end":{"line":9,"column":48}},"line":9},"3":{"name":"(anonymous_3)","decl":{"start":{"line":10,"column":11},"end":{"line":10,"column":12}},"loc":{"start":{"line":10,"column":18},"end":{"line":10,"column":27}},"line":10}},"branchMap":{},"s":{"0":7,"1":7,"2":7,"3":7,"4":10,"5":10,"6":0,"7":7},"f":{"0":7,"1":10,"2":10,"3":0},"b":{},"_coverageSchema":"332fd63041d2c1bcb487cc26dd0d5f7d97098a6c","hash":"789ea985552a9ddb655aa352ffdb232cd96ae95d"}
,"E:\\seubarriga\\src\\routes\\transactions.js": {"path":"E:\\seubarriga\\src\\routes\\transactions.js","statementMap":{"0":{"start":{"line":1,"column":16},"end":{"line":1,"column":34}},"1":{"start":{"line":2,"column":29},"end":{"line":2,"column":70}},"2":{"start":{"line":4,"column":0},"end":{"line":46,"column":1}},"3":{"start":{"line":5,"column":17},"end":{"line":5,"column":33}},"4":{"start":{"line":7,"column":2},"end":{"line":13,"column":4}},"5":{"start":{"line":8,"column":4},"end":{"line":12,"column":30}},"6":{"start":{"line":10,"column":6},"end":{"line":11,"column":43}},"7":{"start":{"line":10,"column":28},"end":{"line":10,"column":35}},"8":{"start":{"line":11,"column":11},"end":{"line":11,"column":43}},"9":{"start":{"line":12,"column":20},"end":{"line":12,"column":29}},"10":{"start":{"line":15,"column":2},"end":{"line":19,"column":4}},"11":{"start":{"line":16,"column":4},"end":{"line":18,"column":30}},"12":{"start":{"line":17,"column":22},"end":{"line":17,"column":50}},"13":{"start":{"line":18,"column":20},"end":{"line":18,"column":29}},"14":{"start":{"line":21,"column":2},"end":{"line":25,"column":4}},"15":{"start":{"line":22,"column":4},"end":{"line":24,"column":30}},"16":{"start":{"line":23,"column":22},"end":{"line":23,"column":53}},"17":{"start":{"line":24,"column":20},"end":{"line":24,"column":29}},"18":{"start":{"line":27,"column":2},"end":{"line":31,"column":4}},"19":{"start":{"line":28,"column":4},"end":{"line":30,"column":30}},"20":{"start":{"line":29,"column":22},"end":{"line":29,"column":50}},"21":{"start":{"line":30,"column":20},"end":{"line":30,"column":29}},"22":{"start":{"line":33,"column":2},"end":{"line":37,"column":4}},"23":{"start":{"line":34,"column":4},"end":{"line":36,"column":28}},"24":{"start":{"line":35,"column":20},"end":{"line":35,"column":51}},"25":{"start":{"line":36,"column":18},"end":{"line":36,"column":27}},"26":{"start":{"line":39,"column":2},"end":{"line":43,"column":4}},"27":{"start":{"line":40,"column":4},"end":{"line":42,"column":28}},"28":{"start":{"line":41,"column":16},"end":{"line":41,"column":38}},"29":{"start":{"line":42,"column":18},"end":{"line":42,"column":27}},"30":{"start":{"line":45,"column":2},"end":{"line":45,"column":15}}},"fnMap":{"0":{"name":"(anonymous_0)","decl":{"start":{"line":4,"column":17},"end":{"line":4,"column":18}},"loc":{"start":{"line":4,"column":26},"end":{"line":46,"column":1}},"line":4},"1":{"name":"(anonymous_1)","decl":{"start":{"line":7,"column":21},"end":{"line":7,"column":22}},"loc":{"start":{"line":7,"column":39},"end":{"line":13,"column":3}},"line":7},"2":{"name":"(anonymous_2)","decl":{"start":{"line":9,"column":10},"end":{"line":9,"column":11}},"loc":{"start":{"line":9,"column":22},"end":{"line":12,"column":5}},"line":9},"3":{"name":"(anonymous_3)","decl":{"start":{"line":12,"column":13},"end":{"line":12,"column":14}},"loc":{"start":{"line":12,"column":20},"end":{"line":12,"column":29}},"line":12},"4":{"name":"(anonymous_4)","decl":{"start":{"line":15,"column":18},"end":{"line":15,"column":19}},"loc":{"start":{"line":15,"column":36},"end":{"line":19,"column":3}},"line":15},"5":{"name":"(anonymous_5)","decl":{"start":{"line":17,"column":12},"end":{"line":17,"column":13}},"loc":{"start":{"line":17,"column":22},"end":{"line":17,"column":50}},"line":17},"6":{"name":"(anonymous_6)","decl":{"start":{"line":18,"column":13},"end":{"line":18,"column":14}},"loc":{"start":{"line":18,"column":20},"end":{"line":18,"column":29}},"line":18},"7":{"name":"(anonymous_7)","decl":{"start":{"line":21,"column":19},"end":{"line":21,"column":20}},"loc":{"start":{"line":21,"column":37},"end":{"line":25,"column":3}},"line":21},"8":{"name":"(anonymous_8)","decl":{"start":{"line":23,"column":12},"end":{"line":23,"column":13}},"loc":{"start":{"line":23,"column":22},"end":{"line":23,"column":53}},"line":23},"9":{"name":"(anonymous_9)","decl":{"start":{"line":24,"column":13},"end":{"line":24,"column":14}},"loc":{"start":{"line":24,"column":20},"end":{"line":24,"column":29}},"line":24},"10":{"name":"(anonymous_10)","decl":{"start":{"line":27,"column":21},"end":{"line":27,"column":22}},"loc":{"start":{"line":27,"column":39},"end":{"line":31,"column":3}},"line":27},"11":{"name":"(anonymous_11)","decl":{"start":{"line":29,"column":12},"end":{"line":29,"column":13}},"loc":{"start":{"line":29,"column":22},"end":{"line":29,"column":50}},"line":29},"12":{"name":"(anonymous_12)","decl":{"start":{"line":30,"column":13},"end":{"line":30,"column":14}},"loc":{"start":{"line":30,"column":20},"end":{"line":30,"column":29}},"line":30},"13":{"name":"(anonymous_13)","decl":{"start":{"line":33,"column":21},"end":{"line":33,"column":22}},"loc":{"start":{"line":33,"column":39},"end":{"line":37,"column":3}},"line":33},"14":{"name":"(anonymous_14)","decl":{"start":{"line":35,"column":10},"end":{"line":35,"column":11}},"loc":{"start":{"line":35,"column":20},"end":{"line":35,"column":51}},"line":35},"15":{"name":"(anonymous_15)","decl":{"start":{"line":36,"column":11},"end":{"line":36,"column":12}},"loc":{"start":{"line":36,"column":18},"end":{"line":36,"column":27}},"line":36},"16":{"name":"(anonymous_16)","decl":{"start":{"line":39,"column":24},"end":{"line":39,"column":25}},"loc":{"start":{"line":39,"column":42},"end":{"line":43,"column":3}},"line":39},"17":{"name":"(anonymous_17)","decl":{"start":{"line":41,"column":10},"end":{"line":41,"column":11}},"loc":{"start":{"line":41,"column":16},"end":{"line":41,"column":38}},"line":41},"18":{"name":"(anonymous_18)","decl":{"start":{"line":42,"column":11},"end":{"line":42,"column":12}},"loc":{"start":{"line":42,"column":18},"end":{"line":42,"column":27}},"line":42}},"branchMap":{"0":{"loc":{"start":{"line":10,"column":6},"end":{"line":11,"column":43}},"type":"if","locations":[{"start":{"line":10,"column":6},"end":{"line":11,"column":43}},{"start":{"line":10,"column":6},"end":{"line":11,"column":43}}],"line":10}},"s":{"0":7,"1":7,"2":7,"3":7,"4":7,"5":4,"6":4,"7":3,"8":1,"9":1,"10":7,"11":1,"12":1,"13":0,"14":7,"15":16,"16":10,"17":0,"18":7,"19":1,"20":1,"21":0,"22":7,"23":1,"24":1,"25":0,"26":7,"27":1,"28":1,"29":0,"30":7},"f":{"0":7,"1":4,"2":4,"3":1,"4":1,"5":1,"6":0,"7":16,"8":10,"9":0,"10":1,"11":1,"12":0,"13":1,"14":1,"15":0,"16":1,"17":1,"18":0},"b":{"0":[3,1]},"_coverageSchema":"332fd63041d2c1bcb487cc26dd0d5f7d97098a6c","hash":"eb4769d219ff72f8415b6095971c5e7b16888f20"}
,"E:\\seubarriga\\src\\routes\\transfers.js": {"path":"E:\\seubarriga\\src\\routes\\transfers.js","statementMap":{"0":{"start":{"line":1,"column":16},"end":{"line":1,"column":34}},"1":{"start":{"line":2,"column":29},"end":{"line":2,"column":70}},"2":{"start":{"line":4,"column":0},"end":{"line":53,"column":1}},"3":{"start":{"line":5,"column":17},"end":{"line":5,"column":33}},"4":{"start":{"line":7,"column":2},"end":{"line":13,"column":4}},"5":{"start":{"line":8,"column":4},"end":{"line":12,"column":32}},"6":{"start":{"line":10,"column":8},"end":{"line":10,"column":75}},"7":{"start":{"line":10,"column":43},"end":{"line":10,"column":75}},"8":{"start":{"line":11,"column":8},"end":{"line":11,"column":14}},"9":{"start":{"line":12,"column":22},"end":{"line":12,"column":31}},"10":{"start":{"line":15,"column":19},"end":{"line":19,"column":3}},"11":{"start":{"line":16,"column":4},"end":{"line":18,"column":30}},"12":{"start":{"line":17,"column":18},"end":{"line":17,"column":24}},"13":{"start":{"line":18,"column":20},"end":{"line":18,"column":29}},"14":{"start":{"line":21,"column":2},"end":{"line":25,"column":4}},"15":{"start":{"line":22,"column":4},"end":{"line":24,"column":28}},"16":{"start":{"line":23,"column":20},"end":{"line":23,"column":48}},"17":{"start":{"line":24,"column":18},"end":{"line":24,"column":27}},"18":{"start":{"line":27,"column":2},"end":{"line":32,"column":4}},"19":{"start":{"line":28,"column":21},"end":{"line":28,"column":56}},"20":{"start":{"line":29,"column":4},"end":{"line":31,"column":30}},"21":{"start":{"line":30,"column":22},"end":{"line":30,"column":53}},"22":{"start":{"line":31,"column":20},"end":{"line":31,"column":29}},"23":{"start":{"line":34,"column":2},"end":{"line":38,"column":4}},"24":{"start":{"line":35,"column":4},"end":{"line":37,"column":30}},"25":{"start":{"line":36,"column":22},"end":{"line":36,"column":50}},"26":{"start":{"line":37,"column":20},"end":{"line":37,"column":29}},"27":{"start":{"line":40,"column":2},"end":{"line":44,"column":4}},"28":{"start":{"line":41,"column":4},"end":{"line":43,"column":30}},"29":{"start":{"line":42,"column":22},"end":{"line":42,"column":53}},"30":{"start":{"line":43,"column":20},"end":{"line":43,"column":29}},"31":{"start":{"line":46,"column":2},"end":{"line":50,"column":4}},"32":{"start":{"line":47,"column":4},"end":{"line":49,"column":28}},"33":{"start":{"line":48,"column":16},"end":{"line":48,"column":38}},"34":{"start":{"line":49,"column":18},"end":{"line":49,"column":27}},"35":{"start":{"line":52,"column":2},"end":{"line":52,"column":15}}},"fnMap":{"0":{"name":"(anonymous_0)","decl":{"start":{"line":4,"column":17},"end":{"line":4,"column":18}},"loc":{"start":{"line":4,"column":26},"end":{"line":53,"column":1}},"line":4},"1":{"name":"(anonymous_1)","decl":{"start":{"line":7,"column":21},"end":{"line":7,"column":22}},"loc":{"start":{"line":7,"column":39},"end":{"line":13,"column":3}},"line":7},"2":{"name":"(anonymous_2)","decl":{"start":{"line":9,"column":12},"end":{"line":9,"column":13}},"loc":{"start":{"line":9,"column":24},"end":{"line":12,"column":7}},"line":9},"3":{"name":"(anonymous_3)","decl":{"start":{"line":12,"column":15},"end":{"line":12,"column":16}},"loc":{"start":{"line":12,"column":22},"end":{"line":12,"column":31}},"line":12},"4":{"name":"(anonymous_4)","decl":{"start":{"line":15,"column":19},"end":{"line":15,"column":20}},"loc":{"start":{"line":15,"column":39},"end":{"line":19,"column":3}},"line":15},"5":{"name":"(anonymous_5)","decl":{"start":{"line":17,"column":12},"end":{"line":17,"column":13}},"loc":{"start":{"line":17,"column":18},"end":{"line":17,"column":24}},"line":17},"6":{"name":"(anonymous_6)","decl":{"start":{"line":18,"column":13},"end":{"line":18,"column":14}},"loc":{"start":{"line":18,"column":20},"end":{"line":18,"column":29}},"line":18},"7":{"name":"(anonymous_7)","decl":{"start":{"line":21,"column":18},"end":{"line":21,"column":19}},"loc":{"start":{"line":21,"column":36},"end":{"line":25,"column":3}},"line":21},"8":{"name":"(anonymous_8)","decl":{"start":{"line":23,"column":10},"end":{"line":23,"column":11}},"loc":{"start":{"line":23,"column":20},"end":{"line":23,"column":48}},"line":23},"9":{"name":"(anonymous_9)","decl":{"start":{"line":24,"column":11},"end":{"line":24,"column":12}},"loc":{"start":{"line":24,"column":18},"end":{"line":24,"column":27}},"line":24},"10":{"name":"(anonymous_10)","decl":{"start":{"line":27,"column":29},"end":{"line":27,"column":30}},"loc":{"start":{"line":27,"column":47},"end":{"line":32,"column":3}},"line":27},"11":{"name":"(anonymous_11)","decl":{"start":{"line":30,"column":12},"end":{"line":30,"column":13}},"loc":{"start":{"line":30,"column":22},"end":{"line":30,"column":53}},"line":30},"12":{"name":"(anonymous_12)","decl":{"start":{"line":31,"column":13},"end":{"line":31,"column":14}},"loc":{"start":{"line":31,"column":20},"end":{"line":31,"column":29}},"line":31},"13":{"name":"(anonymous_13)","decl":{"start":{"line":34,"column":21},"end":{"line":34,"column":22}},"loc":{"start":{"line":34,"column":39},"end":{"line":38,"column":3}},"line":34},"14":{"name":"(anonymous_14)","decl":{"start":{"line":36,"column":12},"end":{"line":36,"column":13}},"loc":{"start":{"line":36,"column":22},"end":{"line":36,"column":50}},"line":36},"15":{"name":"(anonymous_15)","decl":{"start":{"line":37,"column":13},"end":{"line":37,"column":14}},"loc":{"start":{"line":37,"column":20},"end":{"line":37,"column":29}},"line":37},"16":{"name":"(anonymous_16)","decl":{"start":{"line":40,"column":31},"end":{"line":40,"column":32}},"loc":{"start":{"line":40,"column":49},"end":{"line":44,"column":3}},"line":40},"17":{"name":"(anonymous_17)","decl":{"start":{"line":42,"column":12},"end":{"line":42,"column":13}},"loc":{"start":{"line":42,"column":22},"end":{"line":42,"column":53}},"line":42},"18":{"name":"(anonymous_18)","decl":{"start":{"line":43,"column":13},"end":{"line":43,"column":14}},"loc":{"start":{"line":43,"column":20},"end":{"line":43,"column":29}},"line":43},"19":{"name":"(anonymous_19)","decl":{"start":{"line":46,"column":24},"end":{"line":46,"column":25}},"loc":{"start":{"line":46,"column":42},"end":{"line":50,"column":3}},"line":46},"20":{"name":"(anonymous_20)","decl":{"start":{"line":48,"column":10},"end":{"line":48,"column":11}},"loc":{"start":{"line":48,"column":16},"end":{"line":48,"column":38}},"line":48},"21":{"name":"(anonymous_21)","decl":{"start":{"line":49,"column":11},"end":{"line":49,"column":12}},"loc":{"start":{"line":49,"column":18},"end":{"line":49,"column":27}},"line":49}},"branchMap":{"0":{"loc":{"start":{"line":10,"column":8},"end":{"line":10,"column":75}},"type":"if","locations":[{"start":{"line":10,"column":8},"end":{"line":10,"column":75}},{"start":{"line":10,"column":8},"end":{"line":10,"column":75}}],"line":10}},"s":{"0":7,"1":7,"2":7,"3":7,"4":7,"5":11,"6":11,"7":1,"8":10,"9":1,"10":7,"11":18,"12":4,"13":14,"14":7,"15":1,"16":1,"17":0,"18":7,"19":3,"20":3,"21":3,"22":0,"23":7,"24":1,"25":1,"26":0,"27":7,"28":1,"29":1,"30":0,"31":7,"32":1,"33":1,"34":0,"35":7},"f":{"0":7,"1":11,"2":11,"3":1,"4":18,"5":4,"6":14,"7":1,"8":1,"9":0,"10":3,"11":3,"12":0,"13":1,"14":1,"15":0,"16":1,"17":1,"18":0,"19":1,"20":1,"21":0},"b":{"0":[1,10]},"_coverageSchema":"332fd63041d2c1bcb487cc26dd0d5f7d97098a6c","hash":"af88b955ec54cf2bb0ddd7941c062f10ea20df66"}
,"E:\\seubarriga\\src\\routes\\users.js": {"path":"E:\\seubarriga\\src\\routes\\users.js","statementMap":{"0":{"start":{"line":1,"column":16},"end":{"line":1,"column":34}},"1":{"start":{"line":3,"column":0},"end":{"line":22,"column":2}},"2":{"start":{"line":4,"column":17},"end":{"line":4,"column":33}},"3":{"start":{"line":6,"column":2},"end":{"line":10,"column":5}},"4":{"start":{"line":7,"column":4},"end":{"line":9,"column":31}},"5":{"start":{"line":8,"column":22},"end":{"line":8,"column":50}},"6":{"start":{"line":9,"column":20},"end":{"line":9,"column":29}},"7":{"start":{"line":12,"column":2},"end":{"line":19,"column":5}},"8":{"start":{"line":13,"column":4},"end":{"line":18,"column":5}},"9":{"start":{"line":14,"column":21},"end":{"line":14,"column":59}},"10":{"start":{"line":15,"column":6},"end":{"line":15,"column":45}},"11":{"start":{"line":17,"column":6},"end":{"line":17,"column":23}},"12":{"start":{"line":21,"column":2},"end":{"line":21,"column":16}}},"fnMap":{"0":{"name":"(anonymous_0)","decl":{"start":{"line":3,"column":17},"end":{"line":3,"column":18}},"loc":{"start":{"line":3,"column":26},"end":{"line":22,"column":1}},"line":3},"1":{"name":"(anonymous_1)","decl":{"start":{"line":6,"column":18},"end":{"line":6,"column":19}},"loc":{"start":{"line":6,"column":38},"end":{"line":10,"column":3}},"line":6},"2":{"name":"(anonymous_2)","decl":{"start":{"line":8,"column":12},"end":{"line":8,"column":13}},"loc":{"start":{"line":8,"column":22},"end":{"line":8,"column":50}},"line":8},"3":{"name":"(anonymous_3)","decl":{"start":{"line":9,"column":13},"end":{"line":9,"column":14}},"loc":{"start":{"line":9,"column":20},"end":{"line":9,"column":29}},"line":9},"4":{"name":"(anonymous_4)","decl":{"start":{"line":12,"column":19},"end":{"line":12,"column":20}},"loc":{"start":{"line":12,"column":45},"end":{"line":19,"column":3}},"line":12}},"branchMap":{},"s":{"0":7,"1":7,"2":7,"3":7,"4":1,"5":1,"6":0,"7":7,"8":6,"9":6,"10":2,"11":4,"12":7},"f":{"0":7,"1":1,"2":1,"3":0,"4":6},"b":{},"_coverageSchema":"332fd63041d2c1bcb487cc26dd0d5f7d97098a6c","hash":"d43b43cfea8c7f94970185706a7de4e2d7810611"}
,"E:\\seubarriga\\src\\seeds\\01_transfer.js": {"path":"E:\\seubarriga\\src\\seeds\\01_transfer.js","statementMap":{"0":{"start":{"line":2,"column":0},"end":{"line":24,"column":2}},"1":{"start":{"line":3,"column":2},"end":{"line":23,"column":5}},"2":{"start":{"line":4,"column":14},"end":{"line":4,"column":37}},"3":{"start":{"line":5,"column":14},"end":{"line":5,"column":36}},"4":{"start":{"line":6,"column":14},"end":{"line":6,"column":33}},"5":{"start":{"line":7,"column":14},"end":{"line":10,"column":4}},"6":{"start":{"line":10,"column":17},"end":{"line":15,"column":4}},"7":{"start":{"line":15,"column":17},"end":{"line":18,"column":4}},"8":{"start":{"line":18,"column":17},"end":{"line":23,"column":4}}},"fnMap":{"0":{"name":"(anonymous_0)","decl":{"start":{"line":2,"column":15},"end":{"line":2,"column":16}},"loc":{"start":{"line":2,"column":25},"end":{"line":24,"column":1}},"line":2},"1":{"name":"(anonymous_1)","decl":{"start":{"line":4,"column":8},"end":{"line":4,"column":9}},"loc":{"start":{"line":4,"column":14},"end":{"line":4,"column":37}},"line":4},"2":{"name":"(anonymous_2)","decl":{"start":{"line":5,"column":8},"end":{"line":5,"column":9}},"loc":{"start":{"line":5,"column":14},"end":{"line":5,"column":36}},"line":5},"3":{"name":"(anonymous_3)","decl":{"start":{"line":6,"column":8},"end":{"line":6,"column":9}},"loc":{"start":{"line":6,"column":14},"end":{"line":6,"column":33}},"line":6},"4":{"name":"(anonymous_4)","decl":{"start":{"line":7,"column":8},"end":{"line":7,"column":9}},"loc":{"start":{"line":7,"column":14},"end":{"line":10,"column":4}},"line":7},"5":{"name":"(anonymous_5)","decl":{"start":{"line":10,"column":11},"end":{"line":10,"column":12}},"loc":{"start":{"line":10,"column":17},"end":{"line":15,"column":4}},"line":10},"6":{"name":"(anonymous_6)","decl":{"start":{"line":15,"column":11},"end":{"line":15,"column":12}},"loc":{"start":{"line":15,"column":17},"end":{"line":18,"column":4}},"line":15},"7":{"name":"(anonymous_7)","decl":{"start":{"line":18,"column":11},"end":{"line":18,"column":12}},"loc":{"start":{"line":18,"column":17},"end":{"line":23,"column":4}},"line":18}},"branchMap":{},"s":{"0":2,"1":2,"2":2,"3":2,"4":2,"5":2,"6":2,"7":2,"8":2},"f":{"0":2,"1":2,"2":2,"3":2,"4":2,"5":2,"6":2,"7":2},"b":{},"_coverageSchema":"332fd63041d2c1bcb487cc26dd0d5f7d97098a6c","hash":"f41673725ff61de51ab77f0ee9dedb954d51655d"}
,"E:\\seubarriga\\src\\seeds\\02_balance.js": {"path":"E:\\seubarriga\\src\\seeds\\02_balance.js","statementMap":{"0":{"start":{"line":1,"column":15},"end":{"line":1,"column":32}},"1":{"start":{"line":3,"column":0},"end":{"line":40,"column":2}},"2":{"start":{"line":4,"column":2},"end":{"line":39,"column":5}},"3":{"start":{"line":8,"column":16},"end":{"line":15,"column":4}},"4":{"start":{"line":15,"column":17},"end":{"line":18,"column":4}},"5":{"start":{"line":18,"column":17},"end":{"line":39,"column":4}}},"fnMap":{"0":{"name":"(anonymous_0)","decl":{"start":{"line":3,"column":15},"end":{"line":3,"column":16}},"loc":{"start":{"line":3,"column":25},"end":{"line":40,"column":1}},"line":3},"1":{"name":"(anonymous_1)","decl":{"start":{"line":8,"column":10},"end":{"line":8,"column":11}},"loc":{"start":{"line":8,"column":16},"end":{"line":15,"column":4}},"line":8},"2":{"name":"(anonymous_2)","decl":{"start":{"line":15,"column":11},"end":{"line":15,"column":12}},"loc":{"start":{"line":15,"column":17},"end":{"line":18,"column":4}},"line":15},"3":{"name":"(anonymous_3)","decl":{"start":{"line":18,"column":11},"end":{"line":18,"column":12}},"loc":{"start":{"line":18,"column":17},"end":{"line":39,"column":4}},"line":18}},"branchMap":{},"s":{"0":2,"1":2,"2":2,"3":2,"4":2,"5":2},"f":{"0":2,"1":2,"2":2,"3":2},"b":{},"_coverageSchema":"332fd63041d2c1bcb487cc26dd0d5f7d97098a6c","hash":"f5e22b34c5afa3e0170199cc8d4baca156abdf8d"}
,"E:\\seubarriga\\src\\services\\account.js": {"path":"E:\\seubarriga\\src\\services\\account.js","statementMap":{"0":{"start":{"line":1,"column":24},"end":{"line":1,"column":60}},"1":{"start":{"line":3,"column":0},"end":{"line":38,"column":1}},"2":{"start":{"line":5,"column":18},"end":{"line":7,"column":3}},"3":{"start":{"line":6,"column":4},"end":{"line":6,"column":56}},"4":{"start":{"line":9,"column":15},"end":{"line":11,"column":3}},"5":{"start":{"line":10,"column":4},"end":{"line":10,"column":51}},"6":{"start":{"line":13,"column":15},"end":{"line":20,"column":3}},"7":{"start":{"line":14,"column":4},"end":{"line":14,"column":83}},"8":{"start":{"line":14,"column":23},"end":{"line":14,"column":83}},"9":{"start":{"line":16,"column":18},"end":{"line":16,"column":78}},"10":{"start":{"line":17,"column":4},"end":{"line":17,"column":78}},"11":{"start":{"line":17,"column":15},"end":{"line":17,"column":78}},"12":{"start":{"line":19,"column":4},"end":{"line":19,"column":51}},"13":{"start":{"line":22,"column":17},"end":{"line":26,"column":3}},"14":{"start":{"line":23,"column":4},"end":{"line":25,"column":28}},"15":{"start":{"line":28,"column":17},"end":{"line":35,"column":3}},"16":{"start":{"line":29,"column":24},"end":{"line":29,"column":76}},"17":{"start":{"line":30,"column":4},"end":{"line":30,"column":88}},"18":{"start":{"line":30,"column":20},"end":{"line":30,"column":88}},"19":{"start":{"line":32,"column":4},"end":{"line":34,"column":12}},"20":{"start":{"line":37,"column":2},"end":{"line":37,"column":46}}},"fnMap":{"0":{"name":"(anonymous_0)","decl":{"start":{"line":3,"column":17},"end":{"line":3,"column":18}},"loc":{"start":{"line":3,"column":26},"end":{"line":38,"column":1}},"line":3},"1":{"name":"(anonymous_1)","decl":{"start":{"line":5,"column":18},"end":{"line":5,"column":19}},"loc":{"start":{"line":5,"column":30},"end":{"line":7,"column":3}},"line":5},"2":{"name":"(anonymous_2)","decl":{"start":{"line":9,"column":15},"end":{"line":9,"column":16}},"loc":{"start":{"line":9,"column":32},"end":{"line":11,"column":3}},"line":9},"3":{"name":"(anonymous_3)","decl":{"start":{"line":13,"column":15},"end":{"line":13,"column":16}},"loc":{"start":{"line":13,"column":34},"end":{"line":20,"column":3}},"line":13},"4":{"name":"(anonymous_4)","decl":{"start":{"line":22,"column":17},"end":{"line":22,"column":18}},"loc":{"start":{"line":22,"column":34},"end":{"line":26,"column":3}},"line":22},"5":{"name":"(anonymous_5)","decl":{"start":{"line":28,"column":17},"end":{"line":28,"column":18}},"loc":{"start":{"line":28,"column":31},"end":{"line":35,"column":3}},"line":28}},"branchMap":{"0":{"loc":{"start":{"line":9,"column":16},"end":{"line":9,"column":27}},"type":"default-arg","locations":[{"start":{"line":9,"column":25},"end":{"line":9,"column":27}}],"line":9},"1":{"loc":{"start":{"line":14,"column":4},"end":{"line":14,"column":83}},"type":"if","locations":[{"start":{"line":14,"column":4},"end":{"line":14,"column":83}},{"start":{"line":14,"column":4},"end":{"line":14,"column":83}}],"line":14},"2":{"loc":{"start":{"line":17,"column":4},"end":{"line":17,"column":78}},"type":"if","locations":[{"start":{"line":17,"column":4},"end":{"line":17,"column":78}},{"start":{"line":17,"column":4},"end":{"line":17,"column":78}}],"line":17},"3":{"loc":{"start":{"line":30,"column":4},"end":{"line":30,"column":88}},"type":"if","locations":[{"start":{"line":30,"column":4},"end":{"line":30,"column":88}},{"start":{"line":30,"column":4},"end":{"line":30,"column":88}}],"line":30}},"s":{"0":7,"1":7,"2":7,"3":1,"4":7,"5":10,"6":7,"7":3,"8":1,"9":2,"10":2,"11":1,"12":1,"13":7,"14":1,"15":7,"16":2,"17":2,"18":1,"19":1,"20":7},"f":{"0":7,"1":1,"2":10,"3":3,"4":1,"5":2},"b":{"0":[0],"1":[1,2],"2":[1,1],"3":[1,1]},"_coverageSchema":"332fd63041d2c1bcb487cc26dd0d5f7d97098a6c","hash":"ea04595097abaf082e2ebf09b2f95b0347833c76"}
,"E:\\seubarriga\\src\\services\\balance.js": {"path":"E:\\seubarriga\\src\\services\\balance.js","statementMap":{"0":{"start":{"line":1,"column":0},"end":{"line":13,"column":2}},"1":{"start":{"line":2,"column":19},"end":{"line":10,"column":3}},"2":{"start":{"line":3,"column":4},"end":{"line":9,"column":25}},"3":{"start":{"line":12,"column":2},"end":{"line":12,"column":22}}},"fnMap":{"0":{"name":"(anonymous_0)","decl":{"start":{"line":1,"column":17},"end":{"line":1,"column":18}},"loc":{"start":{"line":1,"column":26},"end":{"line":13,"column":1}},"line":1},"1":{"name":"(anonymous_1)","decl":{"start":{"line":2,"column":19},"end":{"line":2,"column":20}},"loc":{"start":{"line":2,"column":31},"end":{"line":10,"column":3}},"line":2}},"branchMap":{},"s":{"0":7,"1":7,"2":10,"3":7},"f":{"0":7,"1":10},"b":{},"_coverageSchema":"332fd63041d2c1bcb487cc26dd0d5f7d97098a6c","hash":"10e0723420cd38bdc8553c0658b6cc384c001848"}
,"E:\\seubarriga\\src\\services\\transaction.js": {"path":"E:\\seubarriga\\src\\services\\transaction.js","statementMap":{"0":{"start":{"line":1,"column":21},"end":{"line":1,"column":54}},"1":{"start":{"line":2,"column":24},"end":{"line":2,"column":60}},"2":{"start":{"line":4,"column":0},"end":{"line":50,"column":1}},"3":{"start":{"line":5,"column":15},"end":{"line":11,"column":3}},"4":{"start":{"line":6,"column":4},"end":{"line":10,"column":15}},"5":{"start":{"line":13,"column":18},"end":{"line":17,"column":3}},"6":{"start":{"line":14,"column":4},"end":{"line":16,"column":14}},"7":{"start":{"line":19,"column":15},"end":{"line":35,"column":3}},"8":{"start":{"line":20,"column":4},"end":{"line":20,"column":97}},"9":{"start":{"line":20,"column":33},"end":{"line":20,"column":97}},"10":{"start":{"line":21,"column":4},"end":{"line":21,"column":89}},"11":{"start":{"line":21,"column":29},"end":{"line":21,"column":89}},"12":{"start":{"line":22,"column":4},"end":{"line":22,"column":85}},"13":{"start":{"line":22,"column":26},"end":{"line":22,"column":85}},"14":{"start":{"line":23,"column":4},"end":{"line":23,"column":88}},"15":{"start":{"line":23,"column":28},"end":{"line":23,"column":88}},"16":{"start":{"line":24,"column":4},"end":{"line":24,"column":85}},"17":{"start":{"line":24,"column":26},"end":{"line":24,"column":85}},"18":{"start":{"line":25,"column":4},"end":{"line":25,"column":107}},"19":{"start":{"line":25,"column":65},"end":{"line":25,"column":107}},"20":{"start":{"line":27,"column":27},"end":{"line":27,"column":43}},"21":{"start":{"line":28,"column":4},"end":{"line":31,"column":7}},"22":{"start":{"line":30,"column":8},"end":{"line":30,"column":36}},"23":{"start":{"line":33,"column":4},"end":{"line":34,"column":34}},"24":{"start":{"line":37,"column":17},"end":{"line":41,"column":3}},"25":{"start":{"line":38,"column":4},"end":{"line":40,"column":25}},"26":{"start":{"line":43,"column":17},"end":{"line":47,"column":3}},"27":{"start":{"line":44,"column":4},"end":{"line":46,"column":10}},"28":{"start":{"line":49,"column":2},"end":{"line":49,"column":46}}},"fnMap":{"0":{"name":"(anonymous_0)","decl":{"start":{"line":4,"column":17},"end":{"line":4,"column":18}},"loc":{"start":{"line":4,"column":26},"end":{"line":50,"column":1}},"line":4},"1":{"name":"(anonymous_1)","decl":{"start":{"line":5,"column":15},"end":{"line":5,"column":16}},"loc":{"start":{"line":5,"column":40},"end":{"line":11,"column":3}},"line":5},"2":{"name":"(anonymous_2)","decl":{"start":{"line":13,"column":18},"end":{"line":13,"column":19}},"loc":{"start":{"line":13,"column":30},"end":{"line":17,"column":3}},"line":13},"3":{"name":"(anonymous_3)","decl":{"start":{"line":19,"column":15},"end":{"line":19,"column":16}},"loc":{"start":{"line":19,"column":32},"end":{"line":35,"column":3}},"line":19},"4":{"name":"(anonymous_4)","decl":{"start":{"line":37,"column":17},"end":{"line":37,"column":18}},"loc":{"start":{"line":37,"column":32},"end":{"line":41,"column":3}},"line":37},"5":{"name":"(anonymous_5)","decl":{"start":{"line":43,"column":17},"end":{"line":43,"column":18}},"loc":{"start":{"line":43,"column":25},"end":{"line":47,"column":3}},"line":43}},"branchMap":{"0":{"loc":{"start":{"line":5,"column":24},"end":{"line":5,"column":35}},"type":"default-arg","locations":[{"start":{"line":5,"column":33},"end":{"line":5,"column":35}}],"line":5},"1":{"loc":{"start":{"line":20,"column":4},"end":{"line":20,"column":97}},"type":"if","locations":[{"start":{"line":20,"column":4},"end":{"line":20,"column":97}},{"start":{"line":20,"column":4},"end":{"line":20,"column":97}}],"line":20},"2":{"loc":{"start":{"line":21,"column":4},"end":{"line":21,"column":89}},"type":"if","locations":[{"start":{"line":21,"column":4},"end":{"line":21,"column":89}},{"start":{"line":21,"column":4},"end":{"line":21,"column":89}}],"line":21},"3":{"loc":{"start":{"line":22,"column":4},"end":{"line":22,"column":85}},"type":"if","locations":[{"start":{"line":22,"column":4},"end":{"line":22,"column":85}},{"start":{"line":22,"column":4},"end":{"line":22,"column":85}}],"line":22},"4":{"loc":{"start":{"line":23,"column":4},"end":{"line":23,"column":88}},"type":"if","locations":[{"start":{"line":23,"column":4},"end":{"line":23,"column":88}},{"start":{"line":23,"column":4},"end":{"line":23,"column":88}}],"line":23},"5":{"loc":{"start":{"line":24,"column":4},"end":{"line":24,"column":85}},"type":"if","locations":[{"start":{"line":24,"column":4},"end":{"line":24,"column":85}},{"start":{"line":24,"column":4},"end":{"line":24,"column":85}}],"line":24},"6":{"loc":{"start":{"line":25,"column":4},"end":{"line":25,"column":107}},"type":"if","locations":[{"start":{"line":25,"column":4},"end":{"line":25,"column":107}},{"start":{"line":25,"column":4},"end":{"line":25,"column":107}}],"line":25},"7":{"loc":{"start":{"line":25,"column":9},"end":{"line":25,"column":61}},"type":"binary-expr","locations":[{"start":{"line":25,"column":9},"end":{"line":25,"column":33}},{"start":{"line":25,"column":37},"end":{"line":25,"column":61}}],"line":25},"8":{"loc":{"start":{"line":28,"column":4},"end":{"line":31,"column":7}},"type":"if","locations":[{"start":{"line":28,"column":4},"end":{"line":31,"column":7}},{"start":{"line":28,"column":4},"end":{"line":31,"column":7}}],"line":28},"9":{"loc":{"start":{"line":28,"column":7},"end":{"line":29,"column":62}},"type":"binary-expr","locations":[{"start":{"line":28,"column":8},"end":{"line":28,"column":32}},{"start":{"line":28,"column":36},"end":{"line":28,"column":59}},{"start":{"line":29,"column":10},"end":{"line":29,"column":34}},{"start":{"line":29,"column":38},"end":{"line":29,"column":61}}],"line":28}},"s":{"0":7,"1":7,"2":7,"3":7,"4":5,"5":7,"6":3,"7":7,"8":16,"9":1,"10":15,"11":1,"12":14,"13":1,"14":13,"15":1,"16":12,"17":1,"18":11,"19":1,"20":10,"21":10,"22":5,"23":10,"24":7,"25":1,"26":7,"27":1,"28":7},"f":{"0":7,"1":5,"2":3,"3":16,"4":1,"5":1},"b":{"0":[1],"1":[1,15],"2":[1,14],"3":[1,13],"4":[1,12],"5":[1,11],"6":[1,10],"7":[11,5],"8":[5,5],"9":[10,6,9,4]},"_coverageSchema":"332fd63041d2c1bcb487cc26dd0d5f7d97098a6c","hash":"7084b770e7de2414c52effadcc4638050055d295"}
,"E:\\seubarriga\\src\\services\\transfer.js": {"path":"E:\\seubarriga\\src\\services\\transfer.js","statementMap":{"0":{"start":{"line":1,"column":24},"end":{"line":1,"column":60}},"1":{"start":{"line":3,"column":0},"end":{"line":67,"column":1}},"2":{"start":{"line":5,"column":18},"end":{"line":9,"column":3}},"3":{"start":{"line":6,"column":4},"end":{"line":8,"column":14}},"4":{"start":{"line":11,"column":15},"end":{"line":15,"column":3}},"5":{"start":{"line":12,"column":4},"end":{"line":14,"column":15}},"6":{"start":{"line":17,"column":19},"end":{"line":29,"column":3}},"7":{"start":{"line":18,"column":4},"end":{"line":18,"column":94}},"8":{"start":{"line":18,"column":30},"end":{"line":18,"column":94}},"9":{"start":{"line":19,"column":4},"end":{"line":19,"column":86}},"10":{"start":{"line":19,"column":26},"end":{"line":19,"column":86}},"11":{"start":{"line":20,"column":4},"end":{"line":20,"column":82}},"12":{"start":{"line":20,"column":23},"end":{"line":20,"column":82}},"13":{"start":{"line":21,"column":4},"end":{"line":21,"column":99}},"14":{"start":{"line":21,"column":29},"end":{"line":21,"column":99}},"15":{"start":{"line":22,"column":4},"end":{"line":22,"column":101}},"16":{"start":{"line":22,"column":30},"end":{"line":22,"column":101}},"17":{"start":{"line":23,"column":4},"end":{"line":23,"column":135}},"18":{"start":{"line":23,"column":53},"end":{"line":23,"column":135}},"19":{"start":{"line":25,"column":21},"end":{"line":25,"column":104}},"20":{"start":{"line":26,"column":4},"end":{"line":28,"column":7}},"21":{"start":{"line":27,"column":6},"end":{"line":27,"column":126}},"22":{"start":{"line":27,"column":57},"end":{"line":27,"column":126}},"23":{"start":{"line":31,"column":15},"end":{"line":43,"column":3}},"24":{"start":{"line":33,"column":19},"end":{"line":33,"column":66}},"25":{"start":{"line":34,"column":23},"end":{"line":34,"column":35}},"26":{"start":{"line":36,"column":25},"end":{"line":39,"column":5}},"27":{"start":{"line":41,"column":4},"end":{"line":41,"column":53}},"28":{"start":{"line":42,"column":4},"end":{"line":42,"column":17}},"29":{"start":{"line":45,"column":17},"end":{"line":59,"column":3}},"30":{"start":{"line":47,"column":19},"end":{"line":49,"column":28}},"31":{"start":{"line":51,"column":27},"end":{"line":54,"column":7}},"32":{"start":{"line":56,"column":6},"end":{"line":56,"column":65}},"33":{"start":{"line":57,"column":6},"end":{"line":57,"column":55}},"34":{"start":{"line":58,"column":6},"end":{"line":58,"column":19}},"35":{"start":{"line":61,"column":17},"end":{"line":64,"column":3}},"36":{"start":{"line":62,"column":4},"end":{"line":62,"column":65}},"37":{"start":{"line":63,"column":4},"end":{"line":63,"column":50}},"38":{"start":{"line":66,"column":2},"end":{"line":66,"column":56}}},"fnMap":{"0":{"name":"(anonymous_0)","decl":{"start":{"line":3,"column":17},"end":{"line":3,"column":18}},"loc":{"start":{"line":3,"column":26},"end":{"line":67,"column":1}},"line":3},"1":{"name":"(anonymous_1)","decl":{"start":{"line":5,"column":18},"end":{"line":5,"column":19}},"loc":{"start":{"line":5,"column":34},"end":{"line":9,"column":3}},"line":5},"2":{"name":"(anonymous_2)","decl":{"start":{"line":11,"column":15},"end":{"line":11,"column":16}},"loc":{"start":{"line":11,"column":31},"end":{"line":15,"column":3}},"line":11},"3":{"name":"(anonymous_3)","decl":{"start":{"line":17,"column":19},"end":{"line":17,"column":20}},"loc":{"start":{"line":17,"column":38},"end":{"line":29,"column":3}},"line":17},"4":{"name":"(anonymous_4)","decl":{"start":{"line":26,"column":21},"end":{"line":26,"column":22}},"loc":{"start":{"line":26,"column":30},"end":{"line":28,"column":5}},"line":26},"5":{"name":"(anonymous_5)","decl":{"start":{"line":31,"column":15},"end":{"line":31,"column":16}},"loc":{"start":{"line":31,"column":35},"end":{"line":43,"column":3}},"line":31},"6":{"name":"(anonymous_6)","decl":{"start":{"line":45,"column":17},"end":{"line":45,"column":18}},"loc":{"start":{"line":45,"column":41},"end":{"line":59,"column":3}},"line":45},"7":{"name":"(anonymous_7)","decl":{"start":{"line":61,"column":17},"end":{"line":61,"column":18}},"loc":{"start":{"line":61,"column":30},"end":{"line":64,"column":3}},"line":61}},"branchMap":{"0":{"loc":{"start":{"line":5,"column":19},"end":{"line":5,"column":29}},"type":"default-arg","locations":[{"start":{"line":5,"column":27},"end":{"line":5,"column":29}}],"line":5},"1":{"loc":{"start":{"line":11,"column":16},"end":{"line":11,"column":26}},"type":"default-arg","locations":[{"start":{"line":11,"column":24},"end":{"line":11,"column":26}}],"line":11},"2":{"loc":{"start":{"line":18,"column":4},"end":{"line":18,"column":94}},"type":"if","locations":[{"start":{"line":18,"column":4},"end":{"line":18,"column":94}},{"start":{"line":18,"column":4},"end":{"line":18,"column":94}}],"line":18},"3":{"loc":{"start":{"line":19,"column":4},"end":{"line":19,"column":86}},"type":"if","locations":[{"start":{"line":19,"column":4},"end":{"line":19,"column":86}},{"start":{"line":19,"column":4},"end":{"line":19,"column":86}}],"line":19},"4":{"loc":{"start":{"line":20,"column":4},"end":{"line":20,"column":82}},"type":"if","locations":[{"start":{"line":20,"column":4},"end":{"line":20,"column":82}},{"start":{"line":20,"column":4},"end":{"line":20,"column":82}}],"line":20},"5":{"loc":{"start":{"line":21,"column":4},"end":{"line":21,"column":99}},"type":"if","locations":[{"start":{"line":21,"column":4},"end":{"line":21,"column":99}},{"start":{"line":21,"column":4},"end":{"line":21,"column":99}}],"line":21},"6":{"loc":{"start":{"line":22,"column":4},"end":{"line":22,"column":101}},"type":"if","locations":[{"start":{"line":22,"column":4},"end":{"line":22,"column":101}},{"start":{"line":22,"column":4},"end":{"line":22,"column":101}}],"line":22},"7":{"loc":{"start":{"line":23,"column":4},"end":{"line":23,"column":135}},"type":"if","locations":[{"start":{"line":23,"column":4},"end":{"line":23,"column":135}},{"start":{"line":23,"column":4},"end":{"line":23,"column":135}}],"line":23},"8":{"loc":{"start":{"line":27,"column":6},"end":{"line":27,"column":126}},"type":"if","locations":[{"start":{"line":27,"column":6},"end":{"line":27,"column":126}},{"start":{"line":27,"column":6},"end":{"line":27,"column":126}}],"line":27}},"s":{"0":7,"1":7,"2":7,"3":12,"4":7,"5":1,"6":7,"7":18,"8":2,"9":16,"10":2,"11":14,"12":2,"13":12,"14":2,"15":10,"16":2,"17":8,"18":2,"19":6,"20":6,"21":12,"22":2,"23":7,"24":3,"25":3,"26":3,"27":3,"28":3,"29":7,"30":1,"31":1,"32":1,"33":1,"34":1,"35":7,"36":1,"37":1,"38":7},"f":{"0":7,"1":12,"2":1,"3":18,"4":12,"5":3,"6":1,"7":1},"b":{"0":[0],"1":[0],"2":[2,16],"3":[2,14],"4":[2,12],"5":[2,10],"6":[2,8],"7":[2,6],"8":[2,10]},"_coverageSchema":"332fd63041d2c1bcb487cc26dd0d5f7d97098a6c","hash":"44d2cbd0ef26abd80afdd4bace7cf0bdf789c18c"}
,"E:\\seubarriga\\src\\services\\user.js": {"path":"E:\\seubarriga\\src\\services\\user.js","statementMap":{"0":{"start":{"line":1,"column":15},"end":{"line":1,"column":39}},"1":{"start":{"line":2,"column":24},"end":{"line":2,"column":60}},"2":{"start":{"line":4,"column":0},"end":{"line":32,"column":2}},"3":{"start":{"line":5,"column":18},"end":{"line":7,"column":3}},"4":{"start":{"line":6,"column":4},"end":{"line":6,"column":58}},"5":{"start":{"line":9,"column":18},"end":{"line":11,"column":3}},"6":{"start":{"line":10,"column":4},"end":{"line":10,"column":49}},"7":{"start":{"line":13,"column":24},"end":{"line":16,"column":3}},"8":{"start":{"line":14,"column":17},"end":{"line":14,"column":39}},"9":{"start":{"line":15,"column":4},"end":{"line":15,"column":41}},"10":{"start":{"line":18,"column":15},"end":{"line":29,"column":3}},"11":{"start":{"line":19,"column":4},"end":{"line":19,"column":80}},"12":{"start":{"line":19,"column":20},"end":{"line":19,"column":80}},"13":{"start":{"line":20,"column":4},"end":{"line":20,"column":81}},"14":{"start":{"line":20,"column":20},"end":{"line":20,"column":81}},"15":{"start":{"line":21,"column":4},"end":{"line":21,"column":83}},"16":{"start":{"line":21,"column":22},"end":{"line":21,"column":83}},"17":{"start":{"line":23,"column":19},"end":{"line":23,"column":53}},"18":{"start":{"line":24,"column":4},"end":{"line":24,"column":81}},"19":{"start":{"line":24,"column":16},"end":{"line":24,"column":81}},"20":{"start":{"line":26,"column":20},"end":{"line":26,"column":31}},"21":{"start":{"line":27,"column":4},"end":{"line":27,"column":48}},"22":{"start":{"line":28,"column":4},"end":{"line":28,"column":67}},"23":{"start":{"line":31,"column":2},"end":{"line":31,"column":36}}},"fnMap":{"0":{"name":"(anonymous_0)","decl":{"start":{"line":4,"column":17},"end":{"line":4,"column":18}},"loc":{"start":{"line":4,"column":26},"end":{"line":32,"column":1}},"line":4},"1":{"name":"(anonymous_1)","decl":{"start":{"line":5,"column":18},"end":{"line":5,"column":19}},"loc":{"start":{"line":5,"column":24},"end":{"line":7,"column":3}},"line":5},"2":{"name":"(anonymous_2)","decl":{"start":{"line":9,"column":18},"end":{"line":9,"column":19}},"loc":{"start":{"line":9,"column":35},"end":{"line":11,"column":3}},"line":9},"3":{"name":"(anonymous_3)","decl":{"start":{"line":13,"column":24},"end":{"line":13,"column":25}},"loc":{"start":{"line":13,"column":36},"end":{"line":16,"column":3}},"line":13},"4":{"name":"(anonymous_4)","decl":{"start":{"line":18,"column":15},"end":{"line":18,"column":16}},"loc":{"start":{"line":18,"column":31},"end":{"line":29,"column":3}},"line":18}},"branchMap":{"0":{"loc":{"start":{"line":9,"column":19},"end":{"line":9,"column":30}},"type":"default-arg","locations":[{"start":{"line":9,"column":28},"end":{"line":9,"column":30}}],"line":9},"1":{"loc":{"start":{"line":19,"column":4},"end":{"line":19,"column":80}},"type":"if","locations":[{"start":{"line":19,"column":4},"end":{"line":19,"column":80}},{"start":{"line":19,"column":4},"end":{"line":19,"column":80}}],"line":19},"2":{"loc":{"start":{"line":20,"column":4},"end":{"line":20,"column":81}},"type":"if","locations":[{"start":{"line":20,"column":4},"end":{"line":20,"column":81}},{"start":{"line":20,"column":4},"end":{"line":20,"column":81}}],"line":20},"3":{"loc":{"start":{"line":21,"column":4},"end":{"line":21,"column":83}},"type":"if","locations":[{"start":{"line":21,"column":4},"end":{"line":21,"column":83}},{"start":{"line":21,"column":4},"end":{"line":21,"column":83}}],"line":21},"4":{"loc":{"start":{"line":24,"column":4},"end":{"line":24,"column":81}},"type":"if","locations":[{"start":{"line":24,"column":4},"end":{"line":24,"column":81}},{"start":{"line":24,"column":4},"end":{"line":24,"column":81}}],"line":24}},"s":{"0":7,"1":7,"2":7,"3":7,"4":1,"5":7,"6":84,"7":7,"8":8,"9":8,"10":7,"11":12,"12":1,"13":11,"14":1,"15":10,"16":1,"17":9,"18":9,"19":1,"20":8,"21":8,"22":8,"23":7},"f":{"0":7,"1":1,"2":84,"3":8,"4":12},"b":{"0":[0],"1":[1,11],"2":[1,10],"3":[1,9],"4":[1,8]},"_coverageSchema":"332fd63041d2c1bcb487cc26dd0d5f7d97098a6c","hash":"15f8cc58e4dcde00f9be9f71a346469e5e00818d"}
}
